<?xml version="1.0" encoding="UTF-8"?>
<testsuite name="adapter.AdapterTest" tests="2" skipped="0" failures="0" errors="0" timestamp="2020-04-24T22:30:48" hostname="Brajeshs-Air.lan" time="0.01">
  <properties/>
  <testcase name="adapterGrabTest" classname="adapter.AdapterTest" time="0.007"/>
  <testcase name="adapterOlaUberTest" classname="adapter.AdapterTest" time="0.002"/>
  <system-out><![CDATA[]]></system-out>
  <system-err><![CDATA[]]></system-err>
</testsuite>
